Using pre-set license
Built from '2020.3/release' branch; Version is '2020.3.12f1 (b3b2c6512326) revision 11776710'; Using compiler version '192528614'; Build Type 'Release'
OS: 'Windows 10 Pro; OS build 19045.5608; Version 2009; 64bit' Language: 'de' Physical Memory: 16309 MB
BatchMode: 1, IsHumanControllingUs: 0, StartBugReporterOnCrash: 0, Is64bit: 1, IsPro: 0

 COMMAND LINE ARGUMENTS:
C:\Program Files\Unity\Hub\Editor\2020.3.12f1\Editor\Unity.exe
-adb2
-batchMode
-noUpm
-name
AssetImportWorker0
-projectPath
C:/Users/User/OneDrive/Desktop/garden-guy
-logFile
Logs/AssetImportWorker0.log
-srvPort
64458
Successfully changed project path to: C:/Users/User/OneDrive/Desktop/garden-guy
C:/Users/User/OneDrive/Desktop/garden-guy
Using Asset Import Pipeline V2.
Refreshing native plugins compatible for Editor in 26.60 ms, found 2 plugins.
Preloading 0 native plugins for Editor in 0.00 ms.
Initialize engine version: 2020.3.12f1 (b3b2c6512326)
[Subsystems] Discovering subsystems at path C:/Program Files/Unity/Hub/Editor/2020.3.12f1/Editor/Data/Resources/UnitySubsystems
[Subsystems] Discovering subsystems at path C:/Users/User/OneDrive/Desktop/garden-guy/Assets
GfxDevice: creating device client; threaded=0
Direct3D:
    Version:  Direct3D 11.0 [level 11.1]
    Renderer: NVIDIA GeForce GTX 1660 SUPER (ID=0x21c4)
    Vendor:   
    VRAM:     5980 MB
    Driver:   31.0.15.3203
Initialize mono
Mono path[0] = 'C:/Program Files/Unity/Hub/Editor/2020.3.12f1/Editor/Data/Managed'
Mono path[1] = 'C:/Program Files/Unity/Hub/Editor/2020.3.12f1/Editor/Data/MonoBleedingEdge/lib/mono/unityjit'
Mono config path = 'C:/Program Files/Unity/Hub/Editor/2020.3.12f1/Editor/Data/MonoBleedingEdge/etc'
Using monoOptions --debugger-agent=transport=dt_socket,embedding=1,server=y,suspend=n,address=127.0.0.1:56968
Begin MonoManager ReloadAssembly
Registering precompiled unity dll's ...
Register platform support module: C:/Program Files/Unity/Hub/Editor/2020.3.12f1/Editor/Data/PlaybackEngines/WebGLSupport/UnityEditor.WebGL.Extensions.dll
Register platform support module: C:/Program Files/Unity/Hub/Editor/2020.3.12f1/Editor/Data/PlaybackEngines/WindowsStandaloneSupport/UnityEditor.WindowsStandalone.Extensions.dll
Registered in 0.002468 seconds.
Native extension for WindowsStandalone target not found
Native extension for WebGL target not found
Refreshing native plugins compatible for Editor in 23.41 ms, found 2 plugins.
Preloading 0 native plugins for Editor in 0.00 ms.
Mono: successfully reloaded assembly
- Completed reload, in  1.710 seconds
Platform modules already initialized, skipping
Registering precompiled user dll's ...
Registered in 0.003697 seconds.
Begin MonoManager ReloadAssembly
Native extension for WindowsStandalone target not found
Native extension for WebGL target not found
Refreshing native plugins compatible for Editor in 0.32 ms, found 2 plugins.
Preloading 0 native plugins for Editor in 0.00 ms.
Mono: successfully reloaded assembly
- Completed reload, in  0.794 seconds
Platform modules already initialized, skipping
========================================================================
Worker process is ready to serve import requests
Launched and connected shader compiler UnityShaderCompiler.exe after 0.04 seconds
Refreshing native plugins compatible for Editor in 0.30 ms, found 2 plugins.
Preloading 0 native plugins for Editor in 0.00 ms.
Unloading 1387 Unused Serialized files (Serialized files now loaded: 0)
System memory in use before: 64.6 MB.
System memory in use after: 64.7 MB.

Unloading 18 unused Assets to reduce memory usage. Loaded Objects now: 1822.
Total: 1.631600 ms (FindLiveObjects: 0.136700 ms CreateObjectMapping: 0.031400 ms MarkObjects: 1.409200 ms  DeleteObjects: 0.053200 ms)

AssetImportParameters requested are different than current active one (requested -> active):
  custom:framework-win-MediaFoundation: 216162199b28c13a410421893ffa2e32 -> 
  custom:video-decoder-ogg-theora: a1e56fd34408186e4bbccfd4996cb3dc -> 
  custom:container-muxer-webm: aa71ff27fc2769a1b78a27578f13a17b -> 
  custom:container-demuxer-webm: 4f35f7cbe854078d1ac9338744f61a02 -> 
  custom:container-demuxer-ogg: 62fdf1f143b41e24485cea50d1cbac27 -> 
  custom:video-encoder-webm-vp8: eb34c28f22e8b96e1ab97ce403110664 -> 
  custom:video-decoder-webm-vp8: 9c59270c3fd7afecdb556c50c9e8de78 -> 
  custom:audio-decoder-ogg-vorbis: bf7c407c2cedff20999df2af8eb42d56 -> 
  custom:audio-encoder-webm-vorbis: bf7c407c2cedff20999df2af8eb42d56 -> 
========================================================================
Received Import Request.
  path: Assets/Graphics
  artifactKey: Guid(354b1a1031210684ab503b8c27211e4d) Importer(815301076,1909f56bfc062723c751e8b465ee728b)
Start importing Assets/Graphics using Guid(354b1a1031210684ab503b8c27211e4d) Importer(815301076,1909f56bfc062723c751e8b465ee728b)  -> (artifact id: '0a975a62b2979c82b6314e14b9e6ddf9') in 0.003624 seconds 
  Import took 0.005328 seconds .

========================================================================
Received Import Request.
  Time since last request: 0.000135 seconds.
  path: Assets/Graphics/Objects/player/hat.obj
  artifactKey: Guid(4bb793fde2f54d1468ea3bf3db1ca4b2) Importer(815301076,1909f56bfc062723c751e8b465ee728b)
Start importing Assets/Graphics/Objects/player/hat.obj using Guid(4bb793fde2f54d1468ea3bf3db1ca4b2) Importer(815301076,1909f56bfc062723c751e8b465ee728b)  -> (artifact id: '5a95a07b92066a1d6d9fe20ee4c691ca') in 0.150682 seconds 
  Import took 0.152847 seconds .

========================================================================
Received Import Request.
  Time since last request: 0.000166 seconds.
  path: Assets/Graphics/Objects/player
  artifactKey: Guid(49e6849632b335040baf5437109b4e1a) Importer(815301076,1909f56bfc062723c751e8b465ee728b)
Start importing Assets/Graphics/Objects/player using Guid(49e6849632b335040baf5437109b4e1a) Importer(815301076,1909f56bfc062723c751e8b465ee728b)  -> (artifact id: 'ba300b6d0d2ae3b1f4b4583652aca7b7') in 0.001539 seconds 
  Import took 0.003020 seconds .

========================================================================
Received Import Request.
  Time since last request: 0.000112 seconds.
  path: Assets/Graphics/Objects
  artifactKey: Guid(d53499bccebb0b54e8f50325f29a716c) Importer(815301076,1909f56bfc062723c751e8b465ee728b)
Start importing Assets/Graphics/Objects using Guid(d53499bccebb0b54e8f50325f29a716c) Importer(815301076,1909f56bfc062723c751e8b465ee728b)  -> (artifact id: 'b18f0172609f7e283610e5f3a49e3282') in 0.001508 seconds 
  Import took 0.002884 seconds .

========================================================================
Received Import Request.
  Time since last request: 15.678362 seconds.
  path: Assets/Graphics/Objects/flower
  artifactKey: Guid(078512cc5ca1f7344bb350b24d64be08) Importer(815301076,1909f56bfc062723c751e8b465ee728b)
Start importing Assets/Graphics/Objects/flower using Guid(078512cc5ca1f7344bb350b24d64be08) Importer(815301076,1909f56bfc062723c751e8b465ee728b)  -> (artifact id: 'dab74681ed8cb4df55ba247470bf7b21') in 0.002023 seconds 
  Import took 0.003992 seconds .

========================================================================
Received Import Request.
  Time since last request: 0.032243 seconds.
  path: Assets/Graphics/Objects/flower/flower.obj
  artifactKey: Guid(fb8bd6100b0e16443bee24da08468b55) Importer(815301076,1909f56bfc062723c751e8b465ee728b)
Start importing Assets/Graphics/Objects/flower/flower.obj using Guid(fb8bd6100b0e16443bee24da08468b55) Importer(815301076,1909f56bfc062723c751e8b465ee728b)  -> (artifact id: 'e2dc6c05ddbb49e2c5525c4d10480459') in 0.017104 seconds 
  Import took 0.019208 seconds .

========================================================================
Received Import Request.
  Time since last request: 0.000155 seconds.
  path: Assets/Graphics/Objects/flower/Leaves-Magenta.mat
  artifactKey: Guid(9c13ade3ffb76d243a5443e506e27ed4) Importer(815301076,1909f56bfc062723c751e8b465ee728b)
Start importing Assets/Graphics/Objects/flower/Leaves-Magenta.mat using Guid(9c13ade3ffb76d243a5443e506e27ed4) Importer(815301076,1909f56bfc062723c751e8b465ee728b)  -> (artifact id: '732e1ca136f81433f3f17e78b342b60a') in 0.017833 seconds 
  Import took 0.019599 seconds .

========================================================================
Received Import Request.
  Time since last request: 0.000140 seconds.
  path: Assets/Graphics/Objects/flower/Leaves-White.mat
  artifactKey: Guid(b2fab41d5911c9c4dac99cde110778c2) Importer(815301076,1909f56bfc062723c751e8b465ee728b)
Start importing Assets/Graphics/Objects/flower/Leaves-White.mat using Guid(b2fab41d5911c9c4dac99cde110778c2) Importer(815301076,1909f56bfc062723c751e8b465ee728b)  -> (artifact id: 'cf63b0609199480861df14d18f53f0dc') in 0.005904 seconds 
  Import took 0.007543 seconds .

========================================================================
Received Import Request.
  Time since last request: 46.037509 seconds.
  path: Assets/Graphics/Objects/player/hat.mat
  artifactKey: Guid(ee9f970a5e4af89498bfccd0ae2d8531) Importer(815301076,1909f56bfc062723c751e8b465ee728b)
Start importing Assets/Graphics/Objects/player/hat.mat using Guid(ee9f970a5e4af89498bfccd0ae2d8531) Importer(815301076,1909f56bfc062723c751e8b465ee728b)  -> (artifact id: 'a366d5c6fee0312f89df843c5c3c5cac') in 0.008817 seconds 
  Import took 0.011392 seconds .

========================================================================
Received Import Request.
  Time since last request: 23.167310 seconds.
  path: Assets/Graphics/Objects/player/hat.mat
  artifactKey: Guid(ee9f970a5e4af89498bfccd0ae2d8531) Importer(815301076,1909f56bfc062723c751e8b465ee728b)
Start importing Assets/Graphics/Objects/player/hat.mat using Guid(ee9f970a5e4af89498bfccd0ae2d8531) Importer(815301076,1909f56bfc062723c751e8b465ee728b)  -> (artifact id: '139b95ebcab77562cac2c56f999b2c3f') in 0.008993 seconds 
  Import took 0.011570 seconds .

========================================================================
Received Prepare
Registering precompiled user dll's ...
Registered in 0.004138 seconds.
Begin MonoManager ReloadAssembly
Native extension for WindowsStandalone target not found
Native extension for WebGL target not found
Refreshing native plugins compatible for Editor in 0.33 ms, found 2 plugins.
Preloading 0 native plugins for Editor in 0.00 ms.
Mono: successfully reloaded assembly
- Completed reload, in  0.739 seconds
Platform modules already initialized, skipping
Refreshing native plugins compatible for Editor in 0.30 ms, found 2 plugins.
Preloading 0 native plugins for Editor in 0.00 ms.
Unloading 1381 Unused Serialized files (Serialized files now loaded: 0)
System memory in use before: 67.9 MB.
System memory in use after: 68.0 MB.

Unloading 13 unused Assets to reduce memory usage. Loaded Objects now: 1868.
Total: 1.632600 ms (FindLiveObjects: 0.164700 ms CreateObjectMapping: 0.034400 ms MarkObjects: 1.420600 ms  DeleteObjects: 0.012100 ms)

AssetImportParameters requested are different than current active one (requested -> active):
  custom:framework-win-MediaFoundation: 216162199b28c13a410421893ffa2e32 -> 
  custom:video-decoder-ogg-theora: a1e56fd34408186e4bbccfd4996cb3dc -> 
  custom:container-muxer-webm: aa71ff27fc2769a1b78a27578f13a17b -> 
  custom:container-demuxer-webm: 4f35f7cbe854078d1ac9338744f61a02 -> 
  custom:container-demuxer-ogg: 62fdf1f143b41e24485cea50d1cbac27 -> 
  custom:video-encoder-webm-vp8: eb34c28f22e8b96e1ab97ce403110664 -> 
  custom:video-decoder-webm-vp8: 9c59270c3fd7afecdb556c50c9e8de78 -> 
  custom:audio-decoder-ogg-vorbis: bf7c407c2cedff20999df2af8eb42d56 -> 
  custom:audio-encoder-webm-vorbis: bf7c407c2cedff20999df2af8eb42d56 -> 
AssetImportWorkerClient::OnTransportError - code=2 error=End of file
